#
# A fatal error has been detected by the Java Runtime Environment:
#
#  Internal Error (./open/src/hotspot/share/interpreter/oopMapCache.cpp:111), pid=15756, tid=12436
#  Error: ShouldNotReachHere()
#
# JRE version: Java(TM) SE Runtime Environment (14.0.2+12) (build 14.0.2+12-46)
# Java VM: Java HotSpot(TM) 64-Bit Server VM (14.0.2+12-46, mixed mode, sharing, tiered, compressed oops, g1 gc, windows-amd64)
# No core dump will be written. Minidumps are not enabled by default on client versions of Windows
#
# If you would like to submit a bug report, please visit:
#   https://bugreport.java.com/bugreport/crash.jsp
#

---------------  S U M M A R Y ------------

Command Line: -agentlib:jdwp=transport=dt_socket,suspend=y,address=localhost:57122 -ea -Dfile.encoding=Cp1252 org.testng.remote.RemoteTestNG -serport 57120 -protocol json -d C:\Users\HP\eclipse-workspace\Demo\test-output C:\Users\HP\AppData\Local\Temp\testng-eclipse-51764707\testng-customsuite.xml

Host: Intel(R) Core(TM) i5-7200U CPU @ 2.50GHz, 4 cores, 7G,  Windows 10 , 64 bit Build 19041 (10.0.19041.662)
Time: Wed Jan 20 23:04:28 2021 India Standard Time elapsed time: 1175 seconds (0d 0h 19m 35s)

---------------  T H R E A D  ---------------

Current thread (0x00000215ff877800):  JavaThread "JDWP Transport Listener: dt_socket" daemon [_thread_in_vm, id=12436, stack(0x0000007671700000,0x0000007671800000)] _threads_hazard_ptr=0x000002158f634990

Stack: [0x0000007671700000,0x0000007671800000]
Native frames: (J=compiled Java code, j=interpreted, Vv=VM code, C=native code)
V  [jvm.dll+0x5f8a9a]
V  [jvm.dll+0x74247a]
V  [jvm.dll+0x743c2f]
V  [jvm.dll+0x744227]
V  [jvm.dll+0x20d20c]
V  [jvm.dll+0x20d173]
V  [jvm.dll+0x5e7b7f]
V  [jvm.dll+0x5e78dd]
V  [jvm.dll+0x5af8e3]
V  [jvm.dll+0x739aef]
V  [jvm.dll+0x4bee61]
V  [jvm.dll+0x74908b]
V  [jvm.dll+0x4a54ee]
V  [jvm.dll+0x46ee7b]
C  [jdwp.dll+0x751f]


---------------  P R O C E S S  ---------------

Threads class SMR info:
_java_thread_list=0x000002158f634990, length=14, elements={
0x00000215ef5f2000, 0x00000215fedc1800, 0x00000215fedc3800, 0x00000215fede2000,
0x00000215fede3000, 0x00000215fede6000, 0x00000215fedeb000, 0x00000215fedee800,
0x00000215fedf2800, 0x00000215ff877800, 0x00000215ff87b800, 0x00000215ff881000,
0x00000215ff88d800, 0x00000215ff89d000
}

Java Threads: ( => current thread )
  0x00000215ef5f2000 JavaThread "main" [_thread_blocked, id=15040, stack(0x0000007670700000,0x0000007670800000)]
  0x00000215fedc1800 JavaThread "Reference Handler" daemon [_thread_blocked, id=8760, stack(0x0000007670f00000,0x0000007671000000)]
  0x00000215fedc3800 JavaThread "Finalizer" daemon [_thread_blocked, id=18240, stack(0x0000007671000000,0x0000007671100000)]
  0x00000215fede2000 JavaThread "Signal Dispatcher" daemon [_thread_blocked, id=9252, stack(0x0000007671100000,0x0000007671200000)]
  0x00000215fede3000 JavaThread "Attach Listener" daemon [_thread_blocked, id=17324, stack(0x0000007671200000,0x0000007671300000)]
  0x00000215fede6000 JavaThread "Service Thread" daemon [_thread_blocked, id=19240, stack(0x0000007671300000,0x0000007671400000)]
  0x00000215fedeb000 JavaThread "C2 CompilerThread0" daemon [_thread_blocked, id=2664, stack(0x0000007671400000,0x0000007671500000)]
  0x00000215fedee800 JavaThread "C1 CompilerThread0" daemon [_thread_blocked, id=4660, stack(0x0000007671500000,0x0000007671600000)]
  0x00000215fedf2800 JavaThread "Sweeper thread" daemon [_thread_blocked, id=11436, stack(0x0000007671600000,0x0000007671700000)]
=>0x00000215ff877800 JavaThread "JDWP Transport Listener: dt_socket" daemon [_thread_in_vm, id=12436, stack(0x0000007671700000,0x0000007671800000)] _threads_hazard_ptr=0x000002158f634990
  0x00000215ff87b800 JavaThread "JDWP Event Helper Thread" daemon [_thread_blocked, id=14616, stack(0x0000007671800000,0x0000007671900000)]
  0x00000215ff881000 JavaThread "JDWP Command Reader" daemon [_thread_in_native, id=15184, stack(0x0000007671900000,0x0000007671a00000)]
  0x00000215ff88d800 JavaThread "Notification Thread" daemon [_thread_blocked, id=3040, stack(0x0000007671a00000,0x0000007671b00000)]
  0x00000215ff89d000 JavaThread "Common-Cleaner" daemon [_thread_blocked, id=12076, stack(0x0000007671c00000,0x0000007671d00000)]

Other Threads:
  0x00000215fedc0800 VMThread "VM Thread" [stack: 0x0000007670e00000,0x0000007670f00000] [id=9612]
  0x00000215ff89c000 WatcherThread [stack: 0x0000007671b00000,0x0000007671c00000] [id=20132]
  0x00000215ef633000 GCTaskThread "GC Thread#0" [stack: 0x0000007670900000,0x0000007670a00000] [id=11276]
  0x000002158f57b800 GCTaskThread "GC Thread#1" [stack: 0x0000007672000000,0x0000007672100000] [id=3464]
  0x000002158f57c000 GCTaskThread "GC Thread#2" [stack: 0x0000007672100000,0x0000007672200000] [id=16556]
  0x000002158f60c800 GCTaskThread "GC Thread#3" [stack: 0x0000007672200000,0x0000007672300000] [id=1860]
  0x00000215ef646000 ConcurrentGCThread "G1 Main Marker" [stack: 0x0000007670a00000,0x0000007670b00000] [id=12856]
  0x00000215ef649000 ConcurrentGCThread "G1 Conc#0" [stack: 0x0000007670b00000,0x0000007670c00000] [id=9664]
  0x00000215ef6c5800 ConcurrentGCThread "G1 Refine#0" [stack: 0x0000007670c00000,0x0000007670d00000] [id=17600]
  0x00000215ff997800 ConcurrentGCThread "G1 Refine#1" [stack: 0x0000007672300000,0x0000007672400000] [id=11368]
  0x00000215ef6c6000 ConcurrentGCThread "G1 Young RemSet Sampling" [stack: 0x0000007670d00000,0x0000007670e00000] [id=12988]

Threads with active compile tasks:

VM state:not at safepoint (normal execution)

VM Mutex/Monitor currently owned by a thread: None

Heap address: 0x0000000081400000, size: 2028 MB, Compressed Oops mode: 32-bit
Narrow klass base: 0x0000000800000000, Narrow klass shift: 3
Compressed class space size: 1073741824 Address: 0x0000000800b30000

Heap:
 garbage-first heap   total 131072K, used 7317K [0x0000000081400000, 0x0000000100000000)
  region size 1024K, 6 young (6144K), 2 survivors (2048K)
 Metaspace       used 6300K, capacity 7156K, committed 7168K, reserved 1056768K
  class space    used 691K, capacity 765K, committed 768K, reserved 1048576K
Heap Regions: E=young(eden), S=young(survivor), O=old, HS=humongous(starts), HC=humongous(continues), CS=collection set, F=free, OA=open archive, CA=closed archive, TAMS=top-at-mark-start (previous, next)
|   0|0x0000000081400000, 0x0000000081500000, 0x0000000081500000|100%| O|  |TAMS 0x0000000081400000, 0x0000000081400000| Untracked 
|   1|0x0000000081500000, 0x0000000081600000, 0x0000000081600000|100%| O|  |TAMS 0x0000000081500000, 0x0000000081500000| Untracked 
|   2|0x0000000081600000, 0x0000000081625600, 0x0000000081700000| 14%| O|  |TAMS 0x0000000081600000, 0x0000000081600000| Untracked 
|   3|0x0000000081700000, 0x0000000081700000, 0x0000000081800000|  0%| F|  |TAMS 0x0000000081700000, 0x0000000081700000| Untracked 
|   4|0x0000000081800000, 0x0000000081800000, 0x0000000081900000|  0%| F|  |TAMS 0x0000000081800000, 0x0000000081800000| Untracked 
|   5|0x0000000081900000, 0x0000000081900000, 0x0000000081a00000|  0%| F|  |TAMS 0x0000000081900000, 0x0000000081900000| Untracked 
|   6|0x0000000081a00000, 0x0000000081a00000, 0x0000000081b00000|  0%| F|  |TAMS 0x0000000081a00000, 0x0000000081a00000| Untracked 
|   7|0x0000000081b00000, 0x0000000081b00000, 0x0000000081c00000|  0%| F|  |TAMS 0x0000000081b00000, 0x0000000081b00000| Untracked 
|   8|0x0000000081c00000, 0x0000000081c00000, 0x0000000081d00000|  0%| F|  |TAMS 0x0000000081c00000, 0x0000000081c00000| Untracked 
|   9|0x0000000081d00000, 0x0000000081d00000, 0x0000000081e00000|  0%| F|  |TAMS 0x0000000081d00000, 0x0000000081d00000| Untracked 
|  10|0x0000000081e00000, 0x0000000081e00000, 0x0000000081f00000|  0%| F|  |TAMS 0x0000000081e00000, 0x0000000081e00000| Untracked 
|  11|0x0000000081f00000, 0x0000000081f00000, 0x0000000082000000|  0%| F|  |TAMS 0x0000000081f00000, 0x0000000081f00000| Untracked 
|  12|0x0000000082000000, 0x0000000082000000, 0x0000000082100000|  0%| F|  |TAMS 0x0000000082000000, 0x0000000082000000| Untracked 
|  13|0x0000000082100000, 0x0000000082100000, 0x0000000082200000|  0%| F|  |TAMS 0x0000000082100000, 0x0000000082100000| Untracked 
|  14|0x0000000082200000, 0x0000000082200000, 0x0000000082300000|  0%| F|  |TAMS 0x0000000082200000, 0x0000000082200000| Untracked 
|  15|0x0000000082300000, 0x0000000082300000, 0x0000000082400000|  0%| F|  |TAMS 0x0000000082300000, 0x0000000082300000| Untracked 
|  16|0x0000000082400000, 0x0000000082400000, 0x0000000082500000|  0%| F|  |TAMS 0x0000000082400000, 0x0000000082400000| Untracked 
|  17|0x0000000082500000, 0x0000000082500000, 0x0000000082600000|  0%| F|  |TAMS 0x0000000082500000, 0x0000000082500000| Untracked 
|  18|0x0000000082600000, 0x0000000082600000, 0x0000000082700000|  0%| F|  |TAMS 0x0000000082600000, 0x0000000082600000| Untracked 
|  19|0x0000000082700000, 0x0000000082700000, 0x0000000082800000|  0%| F|  |TAMS 0x0000000082700000, 0x0000000082700000| Untracked 
|  20|0x0000000082800000, 0x0000000082800000, 0x0000000082900000|  0%| F|  |TAMS 0x0000000082800000, 0x0000000082800000| Untracked 
|  21|0x0000000082900000, 0x0000000082900000, 0x0000000082a00000|  0%| F|  |TAMS 0x0000000082900000, 0x0000000082900000| Untracked 
|  22|0x0000000082a00000, 0x0000000082a00000, 0x0000000082b00000|  0%| F|  |TAMS 0x0000000082a00000, 0x0000000082a00000| Untracked 
|  23|0x0000000082b00000, 0x0000000082b00000, 0x0000000082c00000|  0%| F|  |TAMS 0x0000000082b00000, 0x0000000082b00000| Untracked 
|  24|0x0000000082c00000, 0x0000000082c00000, 0x0000000082d00000|  0%| F|  |TAMS 0x0000000082c00000, 0x0000000082c00000| Untracked 
|  25|0x0000000082d00000, 0x0000000082d00000, 0x0000000082e00000|  0%| F|  |TAMS 0x0000000082d00000, 0x0000000082d00000| Untracked 
|  26|0x0000000082e00000, 0x0000000082e00000, 0x0000000082f00000|  0%| F|  |TAMS 0x0000000082e00000, 0x0000000082e00000| Untracked 
|  27|0x0000000082f00000, 0x0000000082f00000, 0x0000000083000000|  0%| F|  |TAMS 0x0000000082f00000, 0x0000000082f00000| Untracked 
|  28|0x0000000083000000, 0x0000000083000000, 0x0000000083100000|  0%| F|  |TAMS 0x0000000083000000, 0x0000000083000000| Untracked 
|  29|0x0000000083100000, 0x0000000083100000, 0x0000000083200000|  0%| F|  |TAMS 0x0000000083100000, 0x0000000083100000| Untracked 
|  30|0x0000000083200000, 0x0000000083200000, 0x0000000083300000|  0%| F|  |TAMS 0x0000000083200000, 0x0000000083200000| Untracked 
|  31|0x0000000083300000, 0x0000000083300000, 0x0000000083400000|  0%| F|  |TAMS 0x0000000083300000, 0x0000000083300000| Untracked 
|  32|0x0000000083400000, 0x0000000083400000, 0x0000000083500000|  0%| F|  |TAMS 0x0000000083400000, 0x0000000083400000| Untracked 
|  33|0x0000000083500000, 0x0000000083500000, 0x0000000083600000|  0%| F|  |TAMS 0x0000000083500000, 0x0000000083500000| Untracked 
|  34|0x0000000083600000, 0x0000000083600000, 0x0000000083700000|  0%| F|  |TAMS 0x0000000083600000, 0x0000000083600000| Untracked 
|  35|0x0000000083700000, 0x0000000083700000, 0x0000000083800000|  0%| F|  |TAMS 0x0000000083700000, 0x0000000083700000| Untracked 
|  36|0x0000000083800000, 0x0000000083800000, 0x0000000083900000|  0%| F|  |TAMS 0x0000000083800000, 0x0000000083800000| Untracked 
|  37|0x0000000083900000, 0x0000000083900000, 0x0000000083a00000|  0%| F|  |TAMS 0x0000000083900000, 0x0000000083900000| Untracked 
|  38|0x0000000083a00000, 0x0000000083a00000, 0x0000000083b00000|  0%| F|  |TAMS 0x0000000083a00000, 0x0000000083a00000| Untracked 
|  39|0x0000000083b00000, 0x0000000083b00000, 0x0000000083c00000|  0%| F|  |TAMS 0x0000000083b00000, 0x0000000083b00000| Untracked 
|  40|0x0000000083c00000, 0x0000000083c00000, 0x0000000083d00000|  0%| F|  |TAMS 0x0000000083c00000, 0x0000000083c00000| Untracked 
|  41|0x0000000083d00000, 0x0000000083d00000, 0x0000000083e00000|  0%| F|  |TAMS 0x0000000083d00000, 0x0000000083d00000| Untracked 
|  42|0x0000000083e00000, 0x0000000083e00000, 0x0000000083f00000|  0%| F|  |TAMS 0x0000000083e00000, 0x0000000083e00000| Untracked 
|  43|0x0000000083f00000, 0x0000000083f00000, 0x0000000084000000|  0%| F|  |TAMS 0x0000000083f00000, 0x0000000083f00000| Untracked 
|  44|0x0000000084000000, 0x0000000084000000, 0x0000000084100000|  0%| F|  |TAMS 0x0000000084000000, 0x0000000084000000| Untracked 
|  45|0x0000000084100000, 0x0000000084100000, 0x0000000084200000|  0%| F|  |TAMS 0x0000000084100000, 0x0000000084100000| Untracked 
|  46|0x0000000084200000, 0x0000000084200000, 0x0000000084300000|  0%| F|  |TAMS 0x0000000084200000, 0x0000000084200000| Untracked 
|  47|0x0000000084300000, 0x0000000084300000, 0x0000000084400000|  0%| F|  |TAMS 0x0000000084300000, 0x0000000084300000| Untracked 
|  48|0x0000000084400000, 0x0000000084400000, 0x0000000084500000|  0%| F|  |TAMS 0x0000000084400000, 0x0000000084400000| Untracked 
|  49|0x0000000084500000, 0x0000000084500000, 0x0000000084600000|  0%| F|  |TAMS 0x0000000084500000, 0x0000000084500000| Untracked 
|  50|0x0000000084600000, 0x0000000084600000, 0x0000000084700000|  0%| F|  |TAMS 0x0000000084600000, 0x0000000084600000| Untracked 
|  51|0x0000000084700000, 0x0000000084700000, 0x0000000084800000|  0%| F|  |TAMS 0x0000000084700000, 0x0000000084700000| Untracked 
|  52|0x0000000084800000, 0x0000000084800000, 0x0000000084900000|  0%| F|  |TAMS 0x0000000084800000, 0x0000000084800000| Untracked 
|  53|0x0000000084900000, 0x0000000084900000, 0x0000000084a00000|  0%| F|  |TAMS 0x0000000084900000, 0x0000000084900000| Untracked 
|  54|0x0000000084a00000, 0x0000000084a00000, 0x0000000084b00000|  0%| F|  |TAMS 0x0000000084a00000, 0x0000000084a00000| Untracked 
|  55|0x0000000084b00000, 0x0000000084b00000, 0x0000000084c00000|  0%| F|  |TAMS 0x0000000084b00000, 0x0000000084b00000| Untracked 
|  56|0x0000000084c00000, 0x0000000084c00000, 0x0000000084d00000|  0%| F|  |TAMS 0x0000000084c00000, 0x0000000084c00000| Untracked 
|  57|0x0000000084d00000, 0x0000000084d00000, 0x0000000084e00000|  0%| F|  |TAMS 0x0000000084d00000, 0x0000000084d00000| Untracked 
|  58|0x0000000084e00000, 0x0000000084e00000, 0x0000000084f00000|  0%| F|  |TAMS 0x0000000084e00000, 0x0000000084e00000| Untracked 
|  59|0x0000000084f00000, 0x0000000084f00000, 0x0000000085000000|  0%| F|  |TAMS 0x0000000084f00000, 0x0000000084f00000| Untracked 
|  60|0x0000000085000000, 0x0000000085000000, 0x0000000085100000|  0%| F|  |TAMS 0x0000000085000000, 0x0000000085000000| Untracked 
|  61|0x0000000085100000, 0x0000000085100000, 0x0000000085200000|  0%| F|  |TAMS 0x0000000085100000, 0x0000000085100000| Untracked 
|  62|0x0000000085200000, 0x0000000085200000, 0x0000000085300000|  0%| F|  |TAMS 0x0000000085200000, 0x0000000085200000| Untracked 
|  63|0x0000000085300000, 0x0000000085300000, 0x0000000085400000|  0%| F|  |TAMS 0x0000000085300000, 0x0000000085300000| Untracked 
|  64|0x0000000085400000, 0x0000000085400000, 0x0000000085500000|  0%| F|  |TAMS 0x0000000085400000, 0x0000000085400000| Untracked 
|  65|0x0000000085500000, 0x0000000085500000, 0x0000000085600000|  0%| F|  |TAMS 0x0000000085500000, 0x0000000085500000| Untracked 
|  66|0x0000000085600000, 0x0000000085600000, 0x0000000085700000|  0%| F|  |TAMS 0x0000000085600000, 0x0000000085600000| Untracked 
|  67|0x0000000085700000, 0x0000000085700000, 0x0000000085800000|  0%| F|  |TAMS 0x0000000085700000, 0x0000000085700000| Untracked 
|  68|0x0000000085800000, 0x0000000085800000, 0x0000000085900000|  0%| F|  |TAMS 0x0000000085800000, 0x0000000085800000| Untracked 
|  69|0x0000000085900000, 0x0000000085900000, 0x0000000085a00000|  0%| F|  |TAMS 0x0000000085900000, 0x0000000085900000| Untracked 
|  70|0x0000000085a00000, 0x0000000085a00000, 0x0000000085b00000|  0%| F|  |TAMS 0x0000000085a00000, 0x0000000085a00000| Untracked 
|  71|0x0000000085b00000, 0x0000000085b00000, 0x0000000085c00000|  0%| F|  |TAMS 0x0000000085b00000, 0x0000000085b00000| Untracked 
|  72|0x0000000085c00000, 0x0000000085c00000, 0x0000000085d00000|  0%| F|  |TAMS 0x0000000085c00000, 0x0000000085c00000| Untracked 
|  73|0x0000000085d00000, 0x0000000085d00000, 0x0000000085e00000|  0%| F|  |TAMS 0x0000000085d00000, 0x0000000085d00000| Untracked 
|  74|0x0000000085e00000, 0x0000000085e00000, 0x0000000085f00000|  0%| F|  |TAMS 0x0000000085e00000, 0x0000000085e00000| Untracked 
|  75|0x0000000085f00000, 0x0000000085f00000, 0x0000000086000000|  0%| F|  |TAMS 0x0000000085f00000, 0x0000000085f00000| Untracked 
|  76|0x0000000086000000, 0x0000000086000000, 0x0000000086100000|  0%| F|  |TAMS 0x0000000086000000, 0x0000000086000000| Untracked 
|  77|0x0000000086100000, 0x0000000086100000, 0x0000000086200000|  0%| F|  |TAMS 0x0000000086100000, 0x0000000086100000| Untracked 
|  78|0x0000000086200000, 0x0000000086200000, 0x0000000086300000|  0%| F|  |TAMS 0x0000000086200000, 0x0000000086200000| Untracked 
|  79|0x0000000086300000, 0x0000000086300000, 0x0000000086400000|  0%| F|  |TAMS 0x0000000086300000, 0x0000000086300000| Untracked 
|  80|0x0000000086400000, 0x0000000086400000, 0x0000000086500000|  0%| F|  |TAMS 0x0000000086400000, 0x0000000086400000| Untracked 
|  81|0x0000000086500000, 0x0000000086500000, 0x0000000086600000|  0%| F|  |TAMS 0x0000000086500000, 0x0000000086500000| Untracked 
|  82|0x0000000086600000, 0x0000000086600000, 0x0000000086700000|  0%| F|  |TAMS 0x0000000086600000, 0x0000000086600000| Untracked 
|  83|0x0000000086700000, 0x0000000086700000, 0x0000000086800000|  0%| F|  |TAMS 0x0000000086700000, 0x0000000086700000| Untracked 
|  84|0x0000000086800000, 0x0000000086800000, 0x0000000086900000|  0%| F|  |TAMS 0x0000000086800000, 0x0000000086800000| Untracked 
|  85|0x0000000086900000, 0x0000000086900000, 0x0000000086a00000|  0%| F|  |TAMS 0x0000000086900000, 0x0000000086900000| Untracked 
|  86|0x0000000086a00000, 0x0000000086a00000, 0x0000000086b00000|  0%| F|  |TAMS 0x0000000086a00000, 0x0000000086a00000| Untracked 
|  87|0x0000000086b00000, 0x0000000086b00000, 0x0000000086c00000|  0%| F|  |TAMS 0x0000000086b00000, 0x0000000086b00000| Untracked 
|  88|0x0000000086c00000, 0x0000000086c00000, 0x0000000086d00000|  0%| F|  |TAMS 0x0000000086c00000, 0x0000000086c00000| Untracked 
|  89|0x0000000086d00000, 0x0000000086d00000, 0x0000000086e00000|  0%| F|  |TAMS 0x0000000086d00000, 0x0000000086d00000| Untracked 
|  90|0x0000000086e00000, 0x0000000086e00000, 0x0000000086f00000|  0%| F|  |TAMS 0x0000000086e00000, 0x0000000086e00000| Untracked 
|  91|0x0000000086f00000, 0x0000000086f00000, 0x0000000087000000|  0%| F|  |TAMS 0x0000000086f00000, 0x0000000086f00000| Untracked 
|  92|0x0000000087000000, 0x0000000087000000, 0x0000000087100000|  0%| F|  |TAMS 0x0000000087000000, 0x0000000087000000| Untracked 
|  93|0x0000000087100000, 0x0000000087100000, 0x0000000087200000|  0%| F|  |TAMS 0x0000000087100000, 0x0000000087100000| Untracked 
|  94|0x0000000087200000, 0x0000000087200000, 0x0000000087300000|  0%| F|  |TAMS 0x0000000087200000, 0x0000000087200000| Untracked 
|  95|0x0000000087300000, 0x0000000087300000, 0x0000000087400000|  0%| F|  |TAMS 0x0000000087300000, 0x0000000087300000| Untracked 
|  96|0x0000000087400000, 0x0000000087400000, 0x0000000087500000|  0%| F|  |TAMS 0x0000000087400000, 0x0000000087400000| Untracked 
|  97|0x0000000087500000, 0x0000000087500000, 0x0000000087600000|  0%| F|  |TAMS 0x0000000087500000, 0x0000000087500000| Untracked 
|  98|0x0000000087600000, 0x0000000087600000, 0x0000000087700000|  0%| F|  |TAMS 0x0000000087600000, 0x0000000087600000| Untracked 
|  99|0x0000000087700000, 0x0000000087700000, 0x0000000087800000|  0%| F|  |TAMS 0x0000000087700000, 0x0000000087700000| Untracked 
| 100|0x0000000087800000, 0x0000000087800000, 0x0000000087900000|  0%| F|  |TAMS 0x0000000087800000, 0x0000000087800000| Untracked 
| 101|0x0000000087900000, 0x0000000087900000, 0x0000000087a00000|  0%| F|  |TAMS 0x0000000087900000, 0x0000000087900000| Untracked 
| 102|0x0000000087a00000, 0x0000000087a00000, 0x0000000087b00000|  0%| F|  |TAMS 0x0000000087a00000, 0x0000000087a00000| Untracked 
| 103|0x0000000087b00000, 0x0000000087b00000, 0x0000000087c00000|  0%| F|  |TAMS 0x0000000087b00000, 0x0000000087b00000| Untracked 
| 104|0x0000000087c00000, 0x0000000087c00000, 0x0000000087d00000|  0%| F|  |TAMS 0x0000000087c00000, 0x0000000087c00000| Untracked 
| 105|0x0000000087d00000, 0x0000000087d00000, 0x0000000087e00000|  0%| F|  |TAMS 0x0000000087d00000, 0x0000000087d00000| Untracked 
| 106|0x0000000087e00000, 0x0000000087e00000, 0x0000000087f00000|  0%| F|  |TAMS 0x0000000087e00000, 0x0000000087e00000| Untracked 
| 107|0x0000000087f00000, 0x0000000087f00000, 0x0000000088000000|  0%| F|  |TAMS 0x0000000087f00000, 0x0000000087f00000| Untracked 
| 108|0x0000000088000000, 0x0000000088000000, 0x0000000088100000|  0%| F|  |TAMS 0x0000000088000000, 0x0000000088000000| Untracked 
| 109|0x0000000088100000, 0x0000000088100000, 0x0000000088200000|  0%| F|  |TAMS 0x0000000088100000, 0x0000000088100000| Untracked 
| 110|0x0000000088200000, 0x0000000088200000, 0x0000000088300000|  0%| F|  |TAMS 0x0000000088200000, 0x0000000088200000| Untracked 
| 111|0x0000000088300000, 0x0000000088300000, 0x0000000088400000|  0%| F|  |TAMS 0x0000000088300000, 0x0000000088300000| Untracked 
| 112|0x0000000088400000, 0x0000000088400000, 0x0000000088500000|  0%| F|  |TAMS 0x0000000088400000, 0x0000000088400000| Untracked 
| 113|0x0000000088500000, 0x0000000088600000, 0x0000000088600000|100%| S|CS|TAMS 0x0000000088500000, 0x0000000088500000| Complete 
| 114|0x0000000088600000, 0x0000000088700000, 0x0000000088700000|100%| S|CS|TAMS 0x0000000088600000, 0x0000000088600000| Complete 
| 115|0x0000000088700000, 0x0000000088700000, 0x0000000088800000|  0%| F|  |TAMS 0x0000000088700000, 0x0000000088700000| Untracked 
| 116|0x0000000088800000, 0x0000000088800000, 0x0000000088900000|  0%| F|  |TAMS 0x0000000088800000, 0x0000000088800000| Untracked 
| 117|0x0000000088900000, 0x0000000088900000, 0x0000000088a00000|  0%| F|  |TAMS 0x0000000088900000, 0x0000000088900000| Untracked 
| 118|0x0000000088a00000, 0x0000000088a00000, 0x0000000088b00000|  0%| F|  |TAMS 0x0000000088a00000, 0x0000000088a00000| Untracked 
| 119|0x0000000088b00000, 0x0000000088b00000, 0x0000000088c00000|  0%| F|  |TAMS 0x0000000088b00000, 0x0000000088b00000| Untracked 
| 120|0x0000000088c00000, 0x0000000088c00000, 0x0000000088d00000|  0%| F|  |TAMS 0x0000000088c00000, 0x0000000088c00000| Untracked 
| 121|0x0000000088d00000, 0x0000000088d00000, 0x0000000088e00000|  0%| F|  |TAMS 0x0000000088d00000, 0x0000000088d00000| Untracked 
| 122|0x0000000088e00000, 0x0000000088e00000, 0x0000000088f00000|  0%| F|  |TAMS 0x0000000088e00000, 0x0000000088e00000| Untracked 
| 123|0x0000000088f00000, 0x0000000088f00000, 0x0000000089000000|  0%| F|  |TAMS 0x0000000088f00000, 0x0000000088f00000| Untracked 
| 124|0x0000000089000000, 0x0000000089062f10, 0x0000000089100000| 38%| E|  |TAMS 0x0000000089000000, 0x0000000089000000| Complete 
| 125|0x0000000089100000, 0x0000000089200000, 0x0000000089200000|100%| E|CS|TAMS 0x0000000089100000, 0x0000000089100000| Complete 
| 126|0x0000000089200000, 0x0000000089300000, 0x0000000089300000|100%| E|CS|TAMS 0x0000000089200000, 0x0000000089200000| Complete 
| 127|0x0000000089300000, 0x0000000089400000, 0x0000000089400000|100%| E|CS|TAMS 0x0000000089300000, 0x0000000089300000| Complete 

Card table byte_map: [0x00000215f81a0000,0x00000215f85a0000] _byte_map_base: 0x00000215f7d96000

Marking Bits (Prev, Next): (CMBitMap*) 0x00000215ef633a58, (CMBitMap*) 0x00000215ef633a98
 Prev Bits: [0x00000215f89a0000, 0x00000215fa950000)
 Next Bits: [0x00000215fa950000, 0x00000215fc900000)

Polling page: 0x00000215ed440000

Metaspace:

Usage:
  Non-class:      6.24 MB capacity,     5.48 MB ( 88%) used,   773.46 KB ( 12%) free+waste,     8.13 KB ( <1%) overhead. 
      Class:    765.00 KB capacity,   691.40 KB ( 90%) used,    69.48 KB (  9%) free+waste,     4.13 KB ( <1%) overhead. 
       Both:      6.99 MB capacity,     6.15 MB ( 88%) used,   842.94 KB ( 12%) free+waste,    12.25 KB ( <1%) overhead. 

Virtual space:
  Non-class space:        8.00 MB reserved,       6.25 MB ( 78%) committed 
      Class space:        1.00 GB reserved,     768.00 KB ( <1%) committed 
             Both:        1.01 GB reserved,       7.00 MB ( <1%) committed 

Chunk freelists:
   Non-Class:  9.00 KB
       Class:  3.00 KB
        Both:  12.00 KB

MaxMetaspaceSize: 17179869184.00 GB
CompressedClassSpaceSize: 1.00 GB

CodeHeap 'non-profiled nmethods': size=120000Kb used=354Kb max_used=354Kb free=119645Kb
 bounds [0x0000021587ad0000, 0x0000021587d40000, 0x000002158f000000]
CodeHeap 'profiled nmethods': size=120000Kb used=1818Kb max_used=1818Kb free=118181Kb
 bounds [0x00000215805a0000, 0x0000021580810000, 0x0000021587ad0000]
CodeHeap 'non-nmethods': size=5760Kb used=1278Kb max_used=1302Kb free=4481Kb
 bounds [0x0000021580000000, 0x0000021580270000, 0x00000215805a0000]
 total_blobs=1405 nmethods=956 adapters=362
 compilation: enabled
              stopped_count=0, restarted_count=0
 full_count=0

Compilation events (20 events):
Event: 0.847 Thread 0x00000215fedee800 nmethod 944 0x0000021580762910 code [0x0000021580762ae0, 0x0000021580762fc8]
Event: 0.847 Thread 0x00000215fedee800  945       3       java.util.zip.InflaterInputStream::<init> (79 bytes)
Event: 0.847 Thread 0x00000215fedee800 nmethod 945 0x0000021580763190 code [0x00000215807633a0, 0x0000021580763c38]
Event: 0.847 Thread 0x00000215fedee800  947       3       java.util.ArrayDeque::add (7 bytes)
Event: 0.847 Thread 0x00000215fedee800 nmethod 947 0x0000021580763e90 code [0x0000021580764040, 0x00000215807641a8]
Event: 0.848 Thread 0x00000215fedee800  948       3       java.util.Properties::getProperty (50 bytes)
Event: 0.848 Thread 0x00000215fedee800 nmethod 948 0x0000021580764290 code [0x0000021580764460, 0x00000215807649b8]
Event: 0.849 Thread 0x00000215fedee800  949       3       jdk.internal.reflect.UTF8::utf8Length (81 bytes)
Event: 0.850 Thread 0x00000215fedeb000  952       4       java.util.HashMap::hash (20 bytes)
Event: 0.850 Thread 0x00000215fedee800 nmethod 949 0x0000021580764b10 code [0x0000021580764d40, 0x00000215807655f8]
Event: 0.850 Thread 0x00000215fedee800  950       3       jdk.internal.reflect.ClassFileAssembler::emitConstantPoolUTF8 (50 bytes)
Event: 0.851 Thread 0x00000215fedee800 nmethod 950 0x0000021580765990 code [0x0000021580765bc0, 0x0000021580766288]
Event: 0.851 Thread 0x00000215fedee800  951       3       jdk.internal.reflect.ClassFileAssembler::cpi (22 bytes)
Event: 0.851 Thread 0x00000215fedeb000 nmethod 952 0x0000021587b23590 code [0x0000021587b23720, 0x0000021587b23818]
Event: 0.851 Thread 0x00000215fedeb000  953       4       sun.reflect.generics.parser.SignatureParser::current (59 bytes)
Event: 0.851 Thread 0x00000215fedee800 nmethod 951 0x0000021580766690 code [0x0000021580766840, 0x0000021580766a88]
Event: 0.851 Thread 0x00000215fedee800  955       1       org.testng.shaded.com.google.gson.reflect.TypeToken::hashCode (5 bytes)
Event: 0.851 Thread 0x00000215fedee800 nmethod 955 0x0000021587b23910 code [0x0000021587b23aa0, 0x0000021587b23b78]
Event: 0.853 Thread 0x00000215fedeb000 nmethod 953 0x0000021587b24110 code [0x0000021587b242e0, 0x0000021587b244e8]
Event: 0.879 Thread 0x000002158f077800 nmethod 911 0x0000021587b24690 code [0x0000021587b24c20, 0x0000021587b276a8]

GC Heap History (2 events):
Event: 0.715 GC heap before
{Heap before GC invocations=0 (full 0):
 garbage-first heap   total 131072K, used 12288K [0x0000000081400000, 0x0000000100000000)
  region size 1024K, 13 young (13312K), 0 survivors (0K)
 Metaspace       used 5392K, capacity 6405K, committed 6656K, reserved 1056768K
  class space    used 591K, capacity 665K, committed 768K, reserved 1048576K
}
Event: 0.721 GC heap after
{Heap after GC invocations=1 (full 0):
 garbage-first heap   total 131072K, used 4245K [0x0000000081400000, 0x0000000100000000)
  region size 1024K, 2 young (2048K), 2 survivors (2048K)
 Metaspace       used 5392K, capacity 6405K, committed 6656K, reserved 1056768K
  class space    used 591K, capacity 665K, committed 768K, reserved 1048576K
}

Deoptimization events (20 events):
Event: 0.400 Thread 0x00000215ef5f2000 DEOPT PACKING pc=0x0000021587aef214 sp=0x00000076707fe9a0
Event: 0.400 Thread 0x00000215ef5f2000 DEOPT UNPACKING pc=0x000002158004912f sp=0x00000076707fe938 mode 2
Event: 0.411 Thread 0x00000215ef5f2000 DEOPT PACKING pc=0x0000021580645df3 sp=0x00000076707f9aa0
Event: 0.411 Thread 0x00000215ef5f2000 DEOPT UNPACKING pc=0x000002158004964e sp=0x00000076707f8f00 mode 0
Event: 0.423 Thread 0x00000215ef5f2000 DEOPT PACKING pc=0x0000021580645df3 sp=0x00000076707fde00
Event: 0.423 Thread 0x00000215ef5f2000 DEOPT UNPACKING pc=0x000002158004964e sp=0x00000076707fd260 mode 0
Event: 0.433 Thread 0x00000215ef5f2000 DEOPT PACKING pc=0x0000021580645df3 sp=0x00000076707fd930
Event: 0.433 Thread 0x00000215ef5f2000 DEOPT UNPACKING pc=0x000002158004964e sp=0x00000076707fcd90 mode 0
Event: 0.437 Thread 0x00000215ef5f2000 DEOPT PACKING pc=0x0000021580645df3 sp=0x00000076707fbdb0
Event: 0.437 Thread 0x00000215ef5f2000 DEOPT UNPACKING pc=0x000002158004964e sp=0x00000076707fb210 mode 0
Event: 0.442 Thread 0x00000215ef5f2000 DEOPT PACKING pc=0x0000021580645df3 sp=0x00000076707fd940
Event: 0.442 Thread 0x00000215ef5f2000 DEOPT UNPACKING pc=0x000002158004964e sp=0x00000076707fcda0 mode 0
Event: 0.550 Thread 0x00000215ef5f2000 Uncommon trap: trap_request=0xffffff45 fr.pc=0x0000021587ae8a78 relative=0x00000000000002d8
Event: 0.550 Thread 0x00000215ef5f2000 Uncommon trap: reason=unstable_if action=reinterpret pc=0x0000021587ae8a78 method=java.lang.String.startsWith(Ljava/lang/String;I)Z @ 1 c2
Event: 0.550 Thread 0x00000215ef5f2000 DEOPT PACKING pc=0x0000021587ae8a78 sp=0x00000076707fc580
Event: 0.550 Thread 0x00000215ef5f2000 DEOPT UNPACKING pc=0x000002158004912f sp=0x00000076707fc4f8 mode 2
Event: 0.614 Thread 0x00000215ef5f2000 DEOPT PACKING pc=0x00000215806b8e2c sp=0x00000076707fe720
Event: 0.614 Thread 0x00000215ef5f2000 DEOPT UNPACKING pc=0x000002158004964e sp=0x00000076707fdbf0 mode 1
Event: 0.680 Thread 0x00000215ef5f2000 DEOPT PACKING pc=0x00000215805e5b83 sp=0x00000076707fd810
Event: 0.680 Thread 0x00000215ef5f2000 DEOPT UNPACKING pc=0x000002158004964e sp=0x00000076707fcc80 mode 0

Classes unloaded (0 events):
No events

Classes redefined (7 events):
Event: 404.945 Thread 0x00000215fedc0800 redefined class name=resources.Base, count=1
Event: 404.945 Thread 0x00000215fedc0800 redefined class name=DemoProject.Demo.OpenUrl, count=2
Event: 639.044 Thread 0x00000215fedc0800 redefined class name=resources.Base, count=2
Event: 690.495 Thread 0x00000215fedc0800 redefined class name=resources.Base, count=3
Event: 959.507 Thread 0x00000215fedc0800 redefined class name=resources.Base, count=4
Event: 1046.834 Thread 0x00000215fedc0800 redefined class name=DemoProject.Demo.OpenUrl, count=6
Event: 1175.802 Thread 0x00000215fedc0800 redefined class name=DemoProject.Demo.OpenUrl, count=7

Internal exceptions (3 events):
Event: 0.554 Thread 0x00000215ef5f2000 Exception <a 'java/lang/NoSuchMethodError'{0x0000000088bad228}: 'java.lang.Object java.lang.invoke.DirectMethodHandle$Holder.invokeStaticInit(java.lang.Object, int, int, int, int)'> (0x0000000088bad228) 
thrown [./open/src/hotspot/share/interpreter/linkResolver.cpp, line 766]
Event: 0.600 Thread 0x00000215ef5f2000 Exception <a 'java/lang/NoSuchMethodError'{0x0000000088a610c8}: 'java.lang.Object java.lang.invoke.DirectMethodHandle$Holder.invokeStaticInit(java.lang.Object, java.lang.Object, int, int, int, int)'> (0x0000000088a610c8) 
thrown [./open/src/hotspot/share/interpreter/linkResolver.cpp, line 766]
Event: 1175.827 Thread 0x00000215ff877800 Exception <a 'java/lang/LinkageError'{0x0000000089041f18}> (0x0000000089041f18) 
thrown [./open/src/hotspot/share/oops/generateOopMap.cpp, line 2140]

Events (20 events):
Event: 1175.814 Executing VM operation: ChangeBreakpoints
Event: 1175.815 Executing VM operation: ChangeBreakpoints done
Event: 1175.822 Executing VM operation: ChangeBreakpoints
Event: 1175.823 Executing VM operation: ChangeBreakpoints done
Event: 1175.825 Executing VM operation: GetFrameCount
Event: 1175.825 Executing VM operation: GetFrameCount done
Event: 1175.825 Executing VM operation: GetStackTrace
Event: 1175.825 Executing VM operation: GetStackTrace done
Event: 1175.826 Executing VM operation: GetFrameCount
Event: 1175.826 Executing VM operation: GetFrameCount done
Event: 1175.826 Executing VM operation: SetFramePop
Event: 1175.826 Executing VM operation: SetFramePop done
Event: 1175.826 Executing VM operation: GetFrameLocation
Event: 1175.826 Executing VM operation: GetFrameLocation done
Event: 1175.826 Executing VM operation: GetCurrentLocation
Event: 1175.826 Executing VM operation: GetCurrentLocation done
Event: 1175.826 Executing VM operation: ChangeSingleStep
Event: 1175.826 Executing VM operation: ChangeSingleStep done
Event: 1175.827 Executing VM operation: GetFrameLocation
Event: 1175.827 Executing VM operation: GetFrameLocation done


Dynamic libraries:
0x00007ff6cca00000 - 0x00007ff6cca0f000 	C:\Program Files\Java\jdk-14.0.2\bin\javaw.exe
0x00007ffe64330000 - 0x00007ffe64526000 	C:\Windows\SYSTEM32\ntdll.dll
0x00007ffe64100000 - 0x00007ffe641bd000 	C:\Windows\System32\KERNEL32.DLL
0x00007ffe61f50000 - 0x00007ffe62219000 	C:\Windows\System32\KERNELBASE.dll
0x00007ffe61a70000 - 0x00007ffe61b70000 	C:\Windows\System32\ucrtbase.dll
0x00007ffe47d80000 - 0x00007ffe47d98000 	C:\Program Files\Java\jdk-14.0.2\bin\jli.dll
0x00007ffe632c0000 - 0x00007ffe6336c000 	C:\Windows\System32\ADVAPI32.dll
0x00007ffe62de0000 - 0x00007ffe62e7e000 	C:\Windows\System32\msvcrt.dll
0x00007ffe63d90000 - 0x00007ffe63e2c000 	C:\Windows\System32\sechost.dll
0x00007ffe62b00000 - 0x00007ffe62c2b000 	C:\Windows\System32\RPCRT4.dll
0x00007ffe62940000 - 0x00007ffe62ae0000 	C:\Windows\System32\USER32.dll
0x00007ffe61e80000 - 0x00007ffe61ea2000 	C:\Windows\System32\win32u.dll
0x00007ffe62db0000 - 0x00007ffe62dda000 	C:\Windows\System32\GDI32.dll
0x00007ffe62220000 - 0x00007ffe6232b000 	C:\Windows\System32\gdi32full.dll
0x00007ffe61eb0000 - 0x00007ffe61f4d000 	C:\Windows\System32\msvcp_win.dll
0x00007ffe4d1b0000 - 0x00007ffe4d1c5000 	C:\Program Files\Java\jdk-14.0.2\bin\VCRUNTIME140.dll
0x00007ffe49750000 - 0x00007ffe499eb000 	C:\Windows\WinSxS\amd64_microsoft.windows.common-controls_6595b64144ccf1df_6.0.19041.746_none_ca02b4b61b8320a4\COMCTL32.dll
0x00007ffe5ade0000 - 0x00007ffe5adea000 	C:\Windows\SYSTEM32\VERSION.dll
0x00007ffe62f10000 - 0x00007ffe62f40000 	C:\Windows\System32\IMM32.DLL
0x00007ffe3ab00000 - 0x00007ffe3ab9b000 	C:\Program Files\Java\jdk-14.0.2\bin\msvcp140.dll
0x00007ffe2a230000 - 0x00007ffe2ad4e000 	C:\Program Files\Java\jdk-14.0.2\bin\server\jvm.dll
0x00007ffe62390000 - 0x00007ffe62398000 	C:\Windows\System32\PSAPI.DLL
0x00007ffe5b6f0000 - 0x00007ffe5b6f9000 	C:\Windows\SYSTEM32\WSOCK32.dll
0x00007ffe63370000 - 0x00007ffe633db000 	C:\Windows\System32\WS2_32.dll
0x00007ffe52bd0000 - 0x00007ffe52bf7000 	C:\Windows\SYSTEM32\WINMM.dll
0x00007ffe60650000 - 0x00007ffe60662000 	C:\Windows\SYSTEM32\kernel.appcore.dll
0x00007ffe5b490000 - 0x00007ffe5b49a000 	C:\Program Files\Java\jdk-14.0.2\bin\jimage.dll
0x00007ffe60070000 - 0x00007ffe60254000 	C:\Windows\SYSTEM32\DBGHELP.DLL
0x00007ffe4cd50000 - 0x00007ffe4cd7c000 	C:\Windows\SYSTEM32\dbgcore.DLL
0x00007ffe61b70000 - 0x00007ffe61bf0000 	C:\Windows\System32\bcryptPrimitives.dll
0x00007ffe3ac60000 - 0x00007ffe3ac98000 	C:\Program Files\Java\jdk-14.0.2\bin\jdwp.dll
0x00007ffe47a30000 - 0x00007ffe47a55000 	C:\Program Files\Java\jdk-14.0.2\bin\java.dll
0x00007ffe500f0000 - 0x00007ffe50106000 	C:\Program Files\Java\jdk-14.0.2\bin\zip.dll
0x00007ffe63590000 - 0x00007ffe63cd3000 	C:\Windows\System32\SHELL32.dll
0x00007ffe5f810000 - 0x00007ffe5ff9f000 	C:\Windows\SYSTEM32\windows.storage.dll
0x00007ffe62f60000 - 0x00007ffe632b6000 	C:\Windows\System32\combase.dll
0x00007ffe61400000 - 0x00007ffe6142c000 	C:\Windows\SYSTEM32\Wldp.dll
0x00007ffe641c0000 - 0x00007ffe6426e000 	C:\Windows\System32\SHCORE.dll
0x00007ffe640a0000 - 0x00007ffe640f5000 	C:\Windows\System32\shlwapi.dll
0x00007ffe619a0000 - 0x00007ffe619c6000 	C:\Windows\SYSTEM32\profapi.dll
0x00007ffe588d0000 - 0x00007ffe588db000 	C:\Program Files\Java\jdk-14.0.2\bin\dt_socket.dll
0x00007ffe60e70000 - 0x00007ffe60eab000 	C:\Windows\SYSTEM32\IPHLPAPI.DLL
0x00007ffe61180000 - 0x00007ffe611ea000 	C:\Windows\system32\mswsock.dll
0x00007ffe60eb0000 - 0x00007ffe60f7b000 	C:\Windows\SYSTEM32\DNSAPI.dll
0x00007ffe62f50000 - 0x00007ffe62f58000 	C:\Windows\System32\NSI.dll
0x00007ffe519b0000 - 0x00007ffe519ba000 	C:\Windows\System32\rasadhlp.dll
0x00007ffe51c70000 - 0x00007ffe51cef000 	C:\Windows\System32\fwpuclnt.dll
0x00007ffe61c40000 - 0x00007ffe61c67000 	C:\Windows\System32\bcrypt.dll
0x00007ffe4dff0000 - 0x00007ffe4e009000 	C:\Program Files\Java\jdk-14.0.2\bin\net.dll
0x00007ffe51a00000 - 0x00007ffe51b00000 	C:\Windows\SYSTEM32\WINHTTP.dll
0x00007ffe4cda0000 - 0x00007ffe4cdb2000 	C:\Program Files\Java\jdk-14.0.2\bin\nio.dll
0x00007ffe61360000 - 0x00007ffe61378000 	C:\Windows\SYSTEM32\CRYPTSP.dll
0x00007ffe60b20000 - 0x00007ffe60b54000 	C:\Windows\system32\rsaenh.dll
0x00007ffe61920000 - 0x00007ffe6194e000 	C:\Windows\SYSTEM32\USERENV.dll
0x00007ffe61350000 - 0x00007ffe6135c000 	C:\Windows\SYSTEM32\CRYPTBASE.dll
0x00007ffe5f300000 - 0x00007ffe5f317000 	C:\Windows\SYSTEM32\dhcpcsvc6.DLL
0x00007ffe5f2e0000 - 0x00007ffe5f2fd000 	C:\Windows\SYSTEM32\dhcpcsvc.DLL
0x00007ffe59fe0000 - 0x00007ffe59ff0000 	C:\Program Files\Java\jdk-14.0.2\bin\verify.dll

dbghelp: loaded successfully - version: 4.0.5 - missing functions: none
symbol engine: initialized successfully - sym options: 0x614 - pdb path: .;C:\Program Files\Java\jdk-14.0.2\bin;C:\Windows\SYSTEM32;C:\Windows\WinSxS\amd64_microsoft.windows.common-controls_6595b64144ccf1df_6.0.19041.746_none_ca02b4b61b8320a4;C:\Program Files\Java\jdk-14.0.2\bin\server

VM Arguments:
jvm_args: -agentlib:jdwp=transport=dt_socket,suspend=y,address=localhost:57122 -ea -Dfile.encoding=Cp1252 
java_command: org.testng.remote.RemoteTestNG -serport 57120 -protocol json -d C:\Users\HP\eclipse-workspace\Demo\test-output C:\Users\HP\AppData\Local\Temp\testng-eclipse-51764707\testng-customsuite.xml
java_class_path (initial): C:\Users\HP\Downloads\Selenium\New\eclipse\configuration\org.eclipse.osgi\455\0\.cp\lib\testng-remote.jar;C:\Users\HP\eclipse-workspace\Demo\target\test-classes;C:\Users\HP\eclipse-workspace\Demo\target\classes;C:\Users\HP\eclipse-workspace\SelJava\bin;C:\Users\HP\Downloads\New2\client-combined-3.141.59.jar;C:\Users\HP\Downloads\New2\client-combined-3.141.59-sources.jar;C:\Users\HP\Downloads\New2\libs\byte-buddy-1.8.15.jar;C:\Users\HP\Downloads\New2\libs\commons-exec-1.3.jar;C:\Users\HP\Downloads\New2\libs\guava-25.0-jre.jar;C:\Users\HP\Downloads\New2\libs\okhttp-3.11.0.jar;C:\Users\HP\Downloads\New2\libs\okio-1.14.0.jar;C:\Users\HP\Downloads\selenium-java-3.141.59\libs\byte-buddy-1.8.15.jar;C:\Users\HP\Downloads\selenium-java-3.141.59\libs\commons-exec-1.3.jar;C:\Users\HP\Downloads\selenium-java-3.141.59\libs\guava-25.0-jre.jar;C:\Users\HP\Downloads\selenium-java-3.141.59\libs\okhttp-3.11.0.jar;C:\Users\HP\Downloads\selenium-java-3.141.59\libs\okio-1.14.0.jar;C:\Users\HP\Downloads\selenium-java-3.141.59\client-combined-3.141.59.jar;C:\Users\HP\Downloads\selenium-java-3.141.59\client-combined-3.141.59-sources.jar;C:\Users\HP\Downloads\commons-io-2.8.0-bin\commons-io-2.8.0\commons-io-2.8.0.jar;C:\Users\HP\Downloads\commons-io-2.8.0-bin\commons-io-2.8.0\commons-io-2.8.0-javadoc.jar;C:\Users\HP\Downloads\commons-io-2.8.0-bin\commons-io-2.8.0\commons-io-2.8.0-sources.jar;C:\Users\HP\Downloads\commons-io-2.8.0-bin\commons-io-2.8.0\commons-io-2.8.0-tests.jar;C:\Users\HP\Downloads\commons-io-2.8.0-bin\commons-io-2.8.0\commons-io-2.8.0-test-sources.jar;C:\Users\HP\Downloads\Selenium\New\eclipse\plugins\org.testng_6.14.3.r201802240500.jar;C:\Users\HP\Downloads\Selenium\New\eclipse\plugins\com.beust.jcommander_1.72.0.jar;C:\Users\HP\Downloads\Selenium\New\eclipse\plugins\org.apache-extras.beanshell.bsh_2.0.0.b6.jar;C:\Users\HP\Downloads\Selenium\New\eclipse\plugins\org.yaml.snakeyaml_1.17.0.jar;C:\Users\HP\.m2\repository\junit\junit\3.8.1\junit-3.
Launcher Type: SUN_STANDARD

[Global flags]
     intx CICompilerCount                          = 3                                         {product} {ergonomic}
     uint ConcGCThreads                            = 1                                         {product} {ergonomic}
     uint G1ConcRefinementThreads                  = 4                                         {product} {ergonomic}
   size_t G1HeapRegionSize                         = 1048576                                   {product} {ergonomic}
    uintx GCDrainStackTargetSize                   = 64                                        {product} {ergonomic}
   size_t InitialHeapSize                          = 134217728                                 {product} {ergonomic}
   size_t MarkStackSize                            = 4194304                                   {product} {ergonomic}
   size_t MaxHeapSize                              = 2126512128                                {product} {ergonomic}
   size_t MaxNewSize                               = 1275068416                                {product} {ergonomic}
   size_t MinHeapDeltaBytes                        = 1048576                                   {product} {ergonomic}
   size_t MinHeapSize                              = 8388608                                   {product} {ergonomic}
    uintx NonNMethodCodeHeapSize                   = 5832780                                {pd product} {ergonomic}
    uintx NonProfiledCodeHeapSize                  = 122912730                              {pd product} {ergonomic}
    uintx ProfiledCodeHeapSize                     = 122912730                              {pd product} {ergonomic}
    uintx ReservedCodeCacheSize                    = 251658240                              {pd product} {ergonomic}
     bool SegmentedCodeCache                       = true                                      {product} {ergonomic}
   size_t SoftMaxHeapSize                          = 2126512128                             {manageable} {ergonomic}
     bool UseCompressedClassPointers               = true                                 {lp64_product} {ergonomic}
     bool UseCompressedOops                        = true                                 {lp64_product} {ergonomic}
     bool UseG1GC                                  = true                                      {product} {ergonomic}
     bool UseLargePagesIndividualAllocation        = false                                  {pd product} {ergonomic}

Logging:
Log output configuration:
 #0: stdout all=warning uptime,level,tags
 #1: stderr all=off uptime,level,tags

Environment Variables:
JAVA_HOME=C:\Program Files\Java\jdk-14.0.2
PATH=C:/Program Files/Java/jdk-14.0.2/bin/server;C:/Program Files/Java/jdk-14.0.2/bin;C:\Windows\system32;C:\Windows;C:\Windows\System32\Wbem;C:\Windows\System32\WindowsPowerShell\v1.0\;C:\Windows\System32\OpenSSH\;C:\Program Files\Java\jdk-14.0.2\bin;C:\Users\HP\AppData\Local\Microsoft\WindowsApps;C:\Users\HP\Downloads\apache-maven-3.6.3-bin\apache-maven-3.6.3\bin;;C:\Users\HP\Downloads\Selenium\New\eclipse;
USERNAME=HP
OS=Windows_NT
PROCESSOR_IDENTIFIER=Intel64 Family 6 Model 142 Stepping 9, GenuineIntel



---------------  S Y S T E M  ---------------

OS: Windows 10 , 64 bit Build 19041 (10.0.19041.662)
OS uptime: 6 days 15:07 hours

CPU:total 4 (initial active 4) (2 cores per cpu, 2 threads per core) family 6 model 142 stepping 9, cmov, cx8, fxsr, mmx, sse, sse2, sse3, ssse3, sse4.1, sse4.2, popcnt, avx, avx2, aes, clmul, erms, 3dnowpref, lzcnt, ht, tsc, tscinvbit, bmi1, bmi2, adx, fma

Memory: 4k page, system-wide physical 8108M (1212M free)
TotalPageFile size 15121M (AvailPageFile size 4428M)
current process WorkingSet (physical memory assigned to process): 62M, peak: 69M
current process commit charge ("private bytes"): 214M, peak: 220M

vm_info: Java HotSpot(TM) 64-Bit Server VM (14.0.2+12-46) for windows-amd64 JRE (14.0.2+12-46), built on Jul  9 2020 00:35:52 by "mach5one" with MS VC++ 15.9 (VS2017)

END.
